<?xml version="1.0" encoding="UTF-8"?>
<testsuite xmlns:xsi="http://www.w3.org/2001/XMLSchema-instance" xsi:noNamespaceSchemaLocation="https://maven.apache.org/surefire/maven-surefire-plugin/xsd/surefire-test-report-3.0.xsd" version="3.0" name="br.com.vta.javaGithubCicd.JavaGithubCicdApplicationTests" time="3.146" tests="1" errors="0" skipped="0" failures="0">
  <properties>
[...]
</properties>
  <testcase name="contextLoads" classname="br.com.vta.javaGithubCicd.JavaGithubCicdApplicationTests" time="0.833">
    <system-out><![CDATA[17:09:16.166 [main] INFO org.springframework.test.context.support.AnnotationConfigContextLoaderUtils -- Could not detect default configuration classes for test class [br.com.vta.javaGithubCicd.JavaGithubCicdApplicationTests]: JavaGithubCicdApplicationTests does not declare any static, non-private, non-final, nested classes annotated with @Configuration.
17:09:16.338 [main] INFO org.springframework.boot.test.context.SpringBootTestContextBootstrapper -- Found @SpringBootConfiguration br.com.vta.javaGithubCicd.JavaGithubCicdApplication for test class br.com.vta.javaGithubCicd.JavaGithubCicdApplicationTests

  .   ____          _            __ _ _
 /\\ / ___'_ __ _ _(_)_ __  __ _ \ \ \ \
( ( )\___ | '_ | '_| | '_ \/ _` | \ \ \ \
 \\/  ___)| |_)| | | | | || (_| |  ) ) ) )
  '  |____| .__|_| |_|_| |_\__, | / / / /
 =========|_|==============|___/=/_/_/_/

 :: Spring Boot ::                (v3.3.4)

2024-10-19T17:09:16.819-03:00  INFO 23416 --- [java-github-cicd] [           main] b.c.v.j.JavaGithubCicdApplicationTests   : Starting JavaGithubCicdApplicationTests using Java 17.0.9 with PID 23416 (started by vinicius in /home/vinicius/Documents/repositorios/dio/java-github-cicd)
2024-10-19T17:09:16.822-03:00  INFO 23416 --- [java-github-cicd] [           main] b.c.v.j.JavaGithubCicdApplicationTests   : No active profile set, falling back to 1 default profile: "default"
2024-10-19T17:09:18.246-03:00  INFO 23416 --- [java-github-cicd] [           main] b.c.v.j.JavaGithubCicdApplicationTests   : Started JavaGithubCicdApplicationTests in 1.756 seconds (process running for 2.929)
]]></system-out>
  </testcase>
</testsuite>